<itor --system "path=/org/chromium/UserDataAuth"              
signal time=1704224585.896336 sender=org.freedesktop.DBus -> destination=:1.135 serial=2 path=/org/freedesktop/DBus; interface=org.freedesktop.DBus; member=NameAcquired
   string ":1.135"
signal time=1704224585.896350 sender=org.freedesktop.DBus -> destination=:1.135 serial=4 path=/org/freedesktop/DBus; interface=org.freedesktop.DBus; member=NameLost
   string ":1.135"
method call time=1704224619.191766 sender=:1.37 -> destination=org.chromium.UserDataAuth serial=1168 path=/org/chromium/UserDataAuth; interface=org.chromium.UserDataAuthInterface; member=StartAuthSession
   array of bytes [
      0a 17 12 15 65 6c 69 61 73 76 69 74 65 6c 6c 40 67 6d 61 69 6c 2e 63 6f
      6d 18 01
   ]
method call time=1704224619.194132 sender=:1.37 -> destination=org.chromium.UserDataAuth serial=1169 path=/org/chromium/UserDataAuth; interface=org.chromium.UserDataAuthInterface; member=CreatePersistentUser
   array of bytes [
      0a 10 73 cc 7d e9 04 43 21 a8 c6 7c 2b ae c6 50 a2 d6
   ]
method call time=1704224619.199420 sender=:1.37 -> destination=org.chromium.UserDataAuth serial=1170 path=/org/chromium/UserDataAuth; interface=org.chromium.UserDataAuthInterface; member=PreparePersistentVault
   array of bytes [
      0a 10 73 cc 7d e9 04 43 21 a8 c6 7c 2b ae c6 50 a2 d6
   ]
method call time=1704224619.822194 sender=:1.37 -> destination=org.chromium.UserDataAuth serial=1171 path=/org/chromium/UserDataAuth; interface=org.chromium.UserDataAuthInterface; member=AddAuthFactor
   array of bytes [
      0a 10 73 cc 7d e9 04 43 21 a8 c6 7c 2b ae c6 50 a2 d6 12 1a 08 01 12 04
      67 61 69 61 22 00 4a 0e 12 0c 31 32 31 2e 30 2e 36 31 36 30 2e 30 1a 24
      0a 22 0a 20 63 37 32 62 38 64 62 37 30 36 62 37 66 35 39 34 32 33 34 33
      34 37 65 62 66 31 34 32 63 38 65 65
   ]
signal time=1704224620.034252 sender=:1.33 -> destination=(null destination) serial=13 path=/org/chromium/UserDataAuth; interface=org.chromium.UserDataAuthInterface; member=AuthFactorAdded
   array of bytes [
      0a 10 f8 29 e5 7e 36 3d 42 32 aa 21 fd 21 c8 09 50 ce 12 28 08 01 12 04
      67 61 69 61 22 00 4a 1c 0a 0a 31 35 36 39 39 2e 31 37 2e 30 12 0c 31 32
      31 2e 30 2e 36 31 36 30 2e 30 18 01
   ]
method call time=1704224620.036292 sender=:1.37 -> destination=org.chromium.UserDataAuth serial=1173 path=/org/chromium/UserDataAuth; interface=org.chromium.UserDataAuthInterface; member=ListAuthFactors
   array of bytes [
      0a 17 12 15 65 6c 69 61 73 76 69 74 65 6c 6c 40 67 6d 61 69 6c 2e 63 6f
      6d
   ]
method call time=1704224620.047555 sender=:1.37 -> destination=org.chromium.UserDataAuth serial=1177 path=/org/chromium/UserDataAuth; interface=org.chromium.UserDataAuthInterface; member=IsMounted
   array [
   ]
method call time=1704224620.056494 sender=:1.3 -> destination=org.chromium.UserDataAuth serial=13 path=/org/chromium/UserDataAuth; interface=org.chromium.CryptohomeMiscInterface; member=GetSanitizedUsername
   array of bytes [
      0a 15 65 6c 69 61 73 76 69 74 65 6c 6c 40 67 6d 61 69 6c 2e 63 6f 6d
   ]
method call time=1704224640.317904 sender=:1.37 -> destination=org.chromium.UserDataAuth serial=1271 path=/org/chromium/UserDataAuth; interface=org.chromium.UserDataAuthInterface; member=ListAuthFactors
   array of bytes [
      0a 17 12 15 65 6c 69 61 73 76 69 74 65 6c 6c 40 67 6d 61 69 6c 2e 63 6f
      6d
   ]
method call time=1704224642.134197 sender=:1.37 -> destination=org.chromium.UserDataAuth serial=1275 path=/org/chromium/UserDataAuth; interface=org.chromium.UserDataAuthInterface; member=InvalidateAuthSession
   array of bytes [
      0a 10 73 cc 7d e9 04 43 21 a8 c6 7c 2b ae c6 50 a2 d6
   ]